<!DOCTYPE html>

<html>
  <head>
  <meta charset='utf-8'>
  <title>TestNG reports</title>

    <link type="text/css" href="testng-reports1.css" rel="stylesheet" id="ultra" />
    <link type="text/css" href="testng-reports.css" rel="stylesheet" id="retro" disabled="false"/>
    <script type="text/javascript" src="jquery-3.6.0.min.js"></script>
    <script type="text/javascript" src="testng-reports.js"></script>
    <script type="text/javascript" src="https://www.google.com/jsapi"></script>
    <script type='text/javascript'>
      google.load('visualization', '1', {packages:['table']});
      google.setOnLoadCallback(drawTable);
      var suiteTableInitFunctions = new Array();
      var suiteTableData = new Array();
    </script>
    <!--
      <script type="text/javascript" src="jquery-ui/js/jquery-ui-1.8.16.custom.min.js"></script>
     -->
  </head>

  <body>    <div class="top-banner-root">
      <span class="top-banner-title-font">Test results</span>
      <button id="button" class="button">Switch Retro Theme</button> <!-- button -->
      <br/>
      <span class="top-banner-font-1">1 suite, 3 failed tests</span>
    </div> <!-- top-banner-root -->
    <div class="navigator-root">
      <div class="navigator-suite-header">
        <span>All suites</span>
        <a href="#" title="Collapse/expand all the suites" class="collapse-all-link">
          <img src="collapseall.gif" class="collapse-all-icon">
          </img> <!-- collapse-all-icon -->
        </a> <!-- collapse-all-link -->
      </div> <!-- navigator-suite-header -->
      <div class="suite">
        <div class="rounded-window">
          <div class="suite-header light-rounded-window-top">
            <a href="#" panel-name="suite-ParallelExecutionSuite" class="navigator-link">
              <span class="suite-name border-failed">ParallelExecutionSuite</span>
            </a> <!-- navigator-link -->
          </div> <!-- suite-header light-rounded-window-top -->
          <div class="navigator-suite-content">
            <div class="suite-section-title">
              <span>Info</span>
            </div> <!-- suite-section-title -->
            <div class="suite-section-content">
              <ul>
                <li>
                  <a href="#" panel-name="test-xml-ParallelExecutionSuite" class="navigator-link ">
                    <span>E:\DA_LoadTesting\testng_1.xml</span>
                  </a> <!-- navigator-link  -->
                </li>
                <li>
                  <a href="#" panel-name="testlist-ParallelExecutionSuite" class="navigator-link ">
                    <span class="test-stats">3 tests</span>
                  </a> <!-- navigator-link  -->
                </li>
                <li>
                  <a href="#" panel-name="group-ParallelExecutionSuite" class="navigator-link ">
                    <span>0 groups</span>
                  </a> <!-- navigator-link  -->
                </li>
                <li>
                  <a href="#" panel-name="times-ParallelExecutionSuite" class="navigator-link ">
                    <span>Times</span>
                  </a> <!-- navigator-link  -->
                </li>
                <li>
                  <a href="#" panel-name="reporter-ParallelExecutionSuite" class="navigator-link ">
                    <span>Reporter output</span>
                  </a> <!-- navigator-link  -->
                </li>
                <li>
                  <a href="#" panel-name="ignored-methods-ParallelExecutionSuite" class="navigator-link ">
                    <span>Ignored methods</span>
                  </a> <!-- navigator-link  -->
                </li>
                <li>
                  <a href="#" panel-name="chronological-ParallelExecutionSuite" class="navigator-link ">
                    <span>Chronological view</span>
                  </a> <!-- navigator-link  -->
                </li>
              </ul>
            </div> <!-- suite-section-content -->
            <div class="result-section">
              <div class="suite-section-title">
                <span>Results</span>
              </div> <!-- suite-section-title -->
              <div class="suite-section-content">
                <ul>
                  <li>
                    <span class="method-stats">3 methods, 3 failed,   </span>
                  </li>
                  <li>
                    <span class="method-list-title failed">Failed methods</span>
                    <span class="show-or-hide-methods failed">
                      <a href="#" panel-name="suite-ParallelExecutionSuite" class="hide-methods failed suite-ParallelExecutionSuite"> (hide)</a> <!-- hide-methods failed suite-ParallelExecutionSuite -->
                      <a href="#" panel-name="suite-ParallelExecutionSuite" class="show-methods failed suite-ParallelExecutionSuite"> (show)</a> <!-- show-methods failed suite-ParallelExecutionSuite -->
                    </span>
                    <div class="method-list-content failed suite-ParallelExecutionSuite">
                      <span>
                        <img src="failed.png" width="3%"/>
                        <a href="#" panel-name="suite-ParallelExecutionSuite" title="com.kavi.DLT.TestCases.DA_LoginTest" class="method navigator-link" hash-for-method="LoginTest">LoginTest</a> <!-- method navigator-link -->
                      </span>
                      <br/>
                      <span>
                        <img src="failed.png" width="3%"/>
                        <a href="#" panel-name="suite-ParallelExecutionSuite" title="com.kavi.DLT.TestCases.DA_LoginTest1" class="method navigator-link" hash-for-method="LoginTest1">LoginTest1</a> <!-- method navigator-link -->
                      </span>
                      <br/>
                      <span>
                        <img src="failed.png" width="3%"/>
                        <a href="#" panel-name="suite-ParallelExecutionSuite" title="com.kavi.DLT.TestCases.DA_LoginTest2" class="method navigator-link" hash-for-method="LoginTest2">LoginTest2</a> <!-- method navigator-link -->
                      </span>
                      <br/>
                    </div> <!-- method-list-content failed suite-ParallelExecutionSuite -->
                  </li>
                </ul>
              </div> <!-- suite-section-content -->
            </div> <!-- result-section -->
          </div> <!-- navigator-suite-content -->
        </div> <!-- rounded-window -->
      </div> <!-- suite -->
    </div> <!-- navigator-root -->
    <div class="wrapper">
      <div class="main-panel-root">
        <div panel-name="suite-ParallelExecutionSuite" class="panel ParallelExecutionSuite">
          <div class="suite-ParallelExecutionSuite-class-failed">
            <div class="main-panel-header rounded-window-top">
              <img src="failed.png"/>
              <span class="class-name">com.kavi.DLT.TestCases.DA_LoginTest</span>
            </div> <!-- main-panel-header rounded-window-top -->
            <div class="main-panel-content rounded-window-bottom">
              <div class="method">
                <div class="method-content">
                  <a name="LoginTest">
                  </a> <!-- LoginTest -->
                  <span class="method-name">LoginTest</span>
                  <div class="stack-trace">java.lang.AssertionError: Test failed: Expected condition failed: waiting for visibility of element located by By.xpath: (//p[@class=&apos;botMsg&apos;])[2] (tried for 5 second(s) with 500 milliseconds interval)
Build info: version: &apos;4.16.1&apos;, revision: &apos;9b4c83354e&apos;
System info: os.name: &apos;Windows Server 2012 R2&apos;, os.arch: &apos;amd64&apos;, os.version: &apos;6.3&apos;, java.version: &apos;19&apos;
Driver info: org.openqa.selenium.chrome.ChromeDriver
Capabilities {acceptInsecureCerts: false, browserName: chrome, browserVersion: 109.0.5414.168, chrome: {chromedriverVersion: 109.0.5414.25 (771113d280dd..., userDataDir: C:\Users\omfys2\AppData\Loc...}, goog:chromeOptions: {debuggerAddress: localhost:64897}, networkConnectionEnabled: false, pageLoadStrategy: normal, platformName: windows, proxy: Proxy(), se:cdp: ws://localhost:64897/devtoo..., se:cdpVersion: 109.0.5414.168, setWindowRect: true, strictFileInteractability: false, timeouts: {implicit: 0, pageLoad: 300000, script: 30000}, unhandledPromptBehavior: dismiss and notify, webauthn:extension:credBlob: true, webauthn:extension:largeBlob: true, webauthn:virtualAuthenticators: true}
Session ID: 6f5ea4c0e7138a9c5f256d169e54d0ee
	at com.kavi.DLT.TestCases.DA_LoginTest.LoginTest(DA_LoginTest.java:69)
	at java.base/java.util.ArrayList.forEach(ArrayList.java:1511)
	at java.base/java.util.concurrent.FutureTask.run(FutureTask.java:317)
	at java.base/java.util.concurrent.ThreadPoolExecutor.runWorker(ThreadPoolExecutor.java:1144)
	at java.base/java.util.concurrent.ThreadPoolExecutor$Worker.run(ThreadPoolExecutor.java:642)
	at java.base/java.lang.Thread.run(Thread.java:1589)
... Removed 16 stack frames
</div> <!-- stack-trace -->
                </div> <!-- method-content -->
              </div> <!-- method -->
            </div> <!-- main-panel-content rounded-window-bottom -->
          </div> <!-- suite-ParallelExecutionSuite-class-failed -->
          <div class="suite-ParallelExecutionSuite-class-failed">
            <div class="main-panel-header rounded-window-top">
              <img src="failed.png"/>
              <span class="class-name">com.kavi.DLT.TestCases.DA_LoginTest1</span>
            </div> <!-- main-panel-header rounded-window-top -->
            <div class="main-panel-content rounded-window-bottom">
              <div class="method">
                <div class="method-content">
                  <a name="LoginTest1">
                  </a> <!-- LoginTest1 -->
                  <span class="method-name">LoginTest1</span>
                  <div class="stack-trace">java.lang.AssertionError: Test failed: Expected condition failed: waiting for visibility of element located by By.xpath: (//p[@class=&apos;botMsg&apos;])[2] (tried for 5 second(s) with 500 milliseconds interval)
Build info: version: &apos;4.16.1&apos;, revision: &apos;9b4c83354e&apos;
System info: os.name: &apos;Windows Server 2012 R2&apos;, os.arch: &apos;amd64&apos;, os.version: &apos;6.3&apos;, java.version: &apos;19&apos;
Driver info: org.openqa.selenium.chrome.ChromeDriver
Capabilities {acceptInsecureCerts: false, browserName: chrome, browserVersion: 109.0.5414.168, chrome: {chromedriverVersion: 109.0.5414.25 (771113d280dd..., userDataDir: C:\Users\omfys2\AppData\Loc...}, goog:chromeOptions: {debuggerAddress: localhost:64897}, networkConnectionEnabled: false, pageLoadStrategy: normal, platformName: windows, proxy: Proxy(), se:cdp: ws://localhost:64897/devtoo..., se:cdpVersion: 109.0.5414.168, setWindowRect: true, strictFileInteractability: false, timeouts: {implicit: 0, pageLoad: 300000, script: 30000}, unhandledPromptBehavior: dismiss and notify, webauthn:extension:credBlob: true, webauthn:extension:largeBlob: true, webauthn:virtualAuthenticators: true}
Session ID: 6f5ea4c0e7138a9c5f256d169e54d0ee
	at com.kavi.DLT.TestCases.DA_LoginTest1.LoginTest1(DA_LoginTest1.java:69)
	at java.base/java.util.ArrayList.forEach(ArrayList.java:1511)
	at java.base/java.util.concurrent.FutureTask.run(FutureTask.java:317)
	at java.base/java.util.concurrent.ThreadPoolExecutor.runWorker(ThreadPoolExecutor.java:1144)
	at java.base/java.util.concurrent.ThreadPoolExecutor$Worker.run(ThreadPoolExecutor.java:642)
	at java.base/java.lang.Thread.run(Thread.java:1589)
... Removed 16 stack frames
</div> <!-- stack-trace -->
                </div> <!-- method-content -->
              </div> <!-- method -->
            </div> <!-- main-panel-content rounded-window-bottom -->
          </div> <!-- suite-ParallelExecutionSuite-class-failed -->
          <div class="suite-ParallelExecutionSuite-class-failed">
            <div class="main-panel-header rounded-window-top">
              <img src="failed.png"/>
              <span class="class-name">com.kavi.DLT.TestCases.DA_LoginTest2</span>
            </div> <!-- main-panel-header rounded-window-top -->
            <div class="main-panel-content rounded-window-bottom">
              <div class="method">
                <div class="method-content">
                  <a name="LoginTest2">
                  </a> <!-- LoginTest2 -->
                  <span class="method-name">LoginTest2</span>
                  <div class="stack-trace">java.lang.AssertionError: Test failed: Expected condition failed: waiting for visibility of element located by By.xpath: (//p[@class=&apos;botMsg&apos;])[2] (tried for 5 second(s) with 500 milliseconds interval)
Build info: version: &apos;4.16.1&apos;, revision: &apos;9b4c83354e&apos;
System info: os.name: &apos;Windows Server 2012 R2&apos;, os.arch: &apos;amd64&apos;, os.version: &apos;6.3&apos;, java.version: &apos;19&apos;
Driver info: org.openqa.selenium.chrome.ChromeDriver
Capabilities {acceptInsecureCerts: false, browserName: chrome, browserVersion: 109.0.5414.168, chrome: {chromedriverVersion: 109.0.5414.25 (771113d280dd..., userDataDir: C:\Users\omfys2\AppData\Loc...}, goog:chromeOptions: {debuggerAddress: localhost:64897}, networkConnectionEnabled: false, pageLoadStrategy: normal, platformName: windows, proxy: Proxy(), se:cdp: ws://localhost:64897/devtoo..., se:cdpVersion: 109.0.5414.168, setWindowRect: true, strictFileInteractability: false, timeouts: {implicit: 0, pageLoad: 300000, script: 30000}, unhandledPromptBehavior: dismiss and notify, webauthn:extension:credBlob: true, webauthn:extension:largeBlob: true, webauthn:virtualAuthenticators: true}
Session ID: 6f5ea4c0e7138a9c5f256d169e54d0ee
	at com.kavi.DLT.TestCases.DA_LoginTest2.LoginTest2(DA_LoginTest2.java:69)
	at java.base/java.util.ArrayList.forEach(ArrayList.java:1511)
	at java.base/java.util.concurrent.FutureTask.run(FutureTask.java:317)
	at java.base/java.util.concurrent.ThreadPoolExecutor.runWorker(ThreadPoolExecutor.java:1144)
	at java.base/java.util.concurrent.ThreadPoolExecutor$Worker.run(ThreadPoolExecutor.java:642)
	at java.base/java.lang.Thread.run(Thread.java:1589)
... Removed 16 stack frames
</div> <!-- stack-trace -->
                </div> <!-- method-content -->
              </div> <!-- method -->
            </div> <!-- main-panel-content rounded-window-bottom -->
          </div> <!-- suite-ParallelExecutionSuite-class-failed -->
        </div> <!-- panel ParallelExecutionSuite -->
        <div panel-name="test-xml-ParallelExecutionSuite" class="panel">
          <div class="main-panel-header rounded-window-top">
            <span class="header-content">E:\DA_LoadTesting\testng_1.xml</span>
          </div> <!-- main-panel-header rounded-window-top -->
          <div class="main-panel-content rounded-window-bottom">
            <pre>
&lt;?xml version=&quot;1.0&quot; encoding=&quot;UTF-8&quot;?&gt;
&lt;!DOCTYPE suite SYSTEM &quot;https://testng.org/testng-1.0.dtd&quot;&gt;
&lt;suite thread-count=&quot;3&quot; parallel=&quot;tests&quot; name=&quot;ParallelExecutionSuite&quot; guice-stage=&quot;DEVELOPMENT&quot;&gt;
  &lt;test thread-count=&quot;3&quot; parallel=&quot;tests&quot; name=&quot;TC_000&quot;&gt;
    &lt;parameter name=&quot;browser&quot; value=&quot;chrome&quot;/&gt;
    &lt;parameter name=&quot;Author&quot; value=&quot;Kavish&quot;/&gt;
    &lt;classes&gt;
      &lt;class name=&quot;com.kavi.DLT.TestCases.DA_LoginTest&quot;&gt;
        &lt;methods&gt;
          &lt;include name=&quot;LoginTest&quot;/&gt;
        &lt;/methods&gt;
      &lt;/class&gt; &lt;!-- com.kavi.DLT.TestCases.DA_LoginTest --&gt;
    &lt;/classes&gt;
  &lt;/test&gt; &lt;!-- TC_000 --&gt;
  &lt;test thread-count=&quot;3&quot; parallel=&quot;tests&quot; name=&quot;TC_001&quot;&gt;
    &lt;parameter name=&quot;browser&quot; value=&quot;chrome&quot;/&gt;
    &lt;parameter name=&quot;Author&quot; value=&quot;Kavish&quot;/&gt;
    &lt;classes&gt;
      &lt;class name=&quot;com.kavi.DLT.TestCases.DA_LoginTest1&quot;&gt;
        &lt;methods&gt;
          &lt;include name=&quot;LoginTest1&quot;/&gt;
        &lt;/methods&gt;
      &lt;/class&gt; &lt;!-- com.kavi.DLT.TestCases.DA_LoginTest1 --&gt;
    &lt;/classes&gt;
  &lt;/test&gt; &lt;!-- TC_001 --&gt;
  &lt;test thread-count=&quot;3&quot; parallel=&quot;tests&quot; name=&quot;TC_002&quot;&gt;
    &lt;parameter name=&quot;browser&quot; value=&quot;chrome&quot;/&gt;
    &lt;parameter name=&quot;Author&quot; value=&quot;Kavish&quot;/&gt;
    &lt;classes&gt;
      &lt;class name=&quot;com.kavi.DLT.TestCases.DA_LoginTest2&quot;&gt;
        &lt;methods&gt;
          &lt;include name=&quot;LoginTest2&quot;/&gt;
        &lt;/methods&gt;
      &lt;/class&gt; &lt;!-- com.kavi.DLT.TestCases.DA_LoginTest2 --&gt;
    &lt;/classes&gt;
  &lt;/test&gt; &lt;!-- TC_002 --&gt;
&lt;/suite&gt; &lt;!-- ParallelExecutionSuite --&gt;
            </pre>
          </div> <!-- main-panel-content rounded-window-bottom -->
        </div> <!-- panel -->
        <div panel-name="testlist-ParallelExecutionSuite" class="panel">
          <div class="main-panel-header rounded-window-top">
            <span class="header-content">Tests for ParallelExecutionSuite</span>
          </div> <!-- main-panel-header rounded-window-top -->
          <div class="main-panel-content rounded-window-bottom">
            <ul>
              <li>
                <span class="test-name">TC_000 (1 class)</span>
              </li>
              <li>
                <span class="test-name">TC_001 (1 class)</span>
              </li>
              <li>
                <span class="test-name">TC_002 (1 class)</span>
              </li>
            </ul>
          </div> <!-- main-panel-content rounded-window-bottom -->
        </div> <!-- panel -->
        <div panel-name="group-ParallelExecutionSuite" class="panel">
          <div class="main-panel-header rounded-window-top">
            <span class="header-content">Groups for ParallelExecutionSuite</span>
          </div> <!-- main-panel-header rounded-window-top -->
          <div class="main-panel-content rounded-window-bottom">
          </div> <!-- main-panel-content rounded-window-bottom -->
        </div> <!-- panel -->
        <div panel-name="times-ParallelExecutionSuite" class="panel">
          <div class="main-panel-header rounded-window-top">
            <span class="header-content">Times for ParallelExecutionSuite</span>
          </div> <!-- main-panel-header rounded-window-top -->
          <div class="main-panel-content rounded-window-bottom">
            <div class="times-div">
              <script type="text/javascript">
suiteTableInitFunctions.push('tableData_ParallelExecutionSuite');
function tableData_ParallelExecutionSuite() {
var data = new google.visualization.DataTable();
data.addColumn('number', 'Number');
data.addColumn('string', 'Method');
data.addColumn('string', 'Class');
data.addColumn('number', 'Time (ms)');
data.addRows(3);
data.setCell(0, 0, 0)
data.setCell(0, 1, 'LoginTest2')
data.setCell(0, 2, 'com.kavi.DLT.TestCases.DA_LoginTest2')
data.setCell(0, 3, 13229);
data.setCell(1, 0, 1)
data.setCell(1, 1, 'LoginTest')
data.setCell(1, 2, 'com.kavi.DLT.TestCases.DA_LoginTest')
data.setCell(1, 3, 13212);
data.setCell(2, 0, 2)
data.setCell(2, 1, 'LoginTest1')
data.setCell(2, 2, 'com.kavi.DLT.TestCases.DA_LoginTest1')
data.setCell(2, 3, 11809);
window.suiteTableData['ParallelExecutionSuite']= { tableData: data, tableDiv: 'times-div-ParallelExecutionSuite'}
return data;
}
              </script>
              <span class="suite-total-time">Total running time: 29 seconds</span>
              <div id="times-div-ParallelExecutionSuite">
              </div> <!-- times-div-ParallelExecutionSuite -->
            </div> <!-- times-div -->
          </div> <!-- main-panel-content rounded-window-bottom -->
        </div> <!-- panel -->
        <div panel-name="reporter-ParallelExecutionSuite" class="panel">
          <div class="main-panel-header rounded-window-top">
            <span class="header-content">Reporter output for ParallelExecutionSuite</span>
          </div> <!-- main-panel-header rounded-window-top -->
          <div class="main-panel-content rounded-window-bottom">
          </div> <!-- main-panel-content rounded-window-bottom -->
        </div> <!-- panel -->
        <div panel-name="ignored-methods-ParallelExecutionSuite" class="panel">
          <div class="main-panel-header rounded-window-top">
            <span class="header-content">0 ignored methods</span>
          </div> <!-- main-panel-header rounded-window-top -->
          <div class="main-panel-content rounded-window-bottom">
          </div> <!-- main-panel-content rounded-window-bottom -->
        </div> <!-- panel -->
        <div panel-name="chronological-ParallelExecutionSuite" class="panel">
          <div class="main-panel-header rounded-window-top">
            <span class="header-content">Methods in chronological order</span>
          </div> <!-- main-panel-header rounded-window-top -->
          <div class="main-panel-content rounded-window-bottom">
            <div class="chronological-class">
              <div class="chronological-class-name">com.kavi.DLT.TestCases.DA_LoginTest2</div> <!-- chronological-class-name -->
              <div class="configuration-suite before">
                <span class="method-name">initializeExtentReprts</span>
                <span class="method-start">0 ms</span>
              </div> <!-- configuration-suite before -->
            </div> <!-- chronological-class -->
            <div class="chronological-class">
              <div class="chronological-class-name">com.kavi.DLT.TestCases.DA_LoginTest</div> <!-- chronological-class-name -->
              <div class="configuration-test before">
                <span class="method-name">setUp(chrome)</span>
                <span class="method-start">742 ms</span>
              </div> <!-- configuration-test before -->
            </div> <!-- chronological-class -->
            <div class="chronological-class">
              <div class="chronological-class-name">com.kavi.DLT.TestCases.DA_LoginTest2</div> <!-- chronological-class-name -->
              <div class="configuration-test before">
                <span class="method-name">setUp(chrome)</span>
                <span class="method-start">743 ms</span>
              </div> <!-- configuration-test before -->
            </div> <!-- chronological-class -->
            <div class="chronological-class">
              <div class="chronological-class-name">com.kavi.DLT.TestCases.DA_LoginTest1</div> <!-- chronological-class-name -->
              <div class="configuration-test before">
                <span class="method-name">setUp(chrome)</span>
                <span class="method-start">744 ms</span>
              </div> <!-- configuration-test before -->
            </div> <!-- chronological-class -->
            <div class="chronological-class">
              <div class="chronological-class-name">com.kavi.DLT.TestCases.DA_LoginTest2</div> <!-- chronological-class-name -->
              <div class="configuration-method before">
                <span class="method-name">initializeReport(org.testng.TestRunner@27bbe773)</span>
                <span class="method-start">12208 ms</span>
              </div> <!-- configuration-method before -->
              <div class="test-method">
                <img src="failed.png">
                </img>
                <span class="method-name">LoginTest2</span>
                <span class="method-start">12235 ms</span>
              </div> <!-- test-method -->
            </div> <!-- chronological-class -->
            <div class="chronological-class">
              <div class="chronological-class-name">com.kavi.DLT.TestCases.DA_LoginTest</div> <!-- chronological-class-name -->
              <div class="configuration-method before">
                <span class="method-name">initializeReport(org.testng.TestRunner@328e50eb)</span>
                <span class="method-start">12768 ms</span>
              </div> <!-- configuration-method before -->
              <div class="test-method">
                <img src="failed.png">
                </img>
                <span class="method-name">LoginTest</span>
                <span class="method-start">12770 ms</span>
              </div> <!-- test-method -->
            </div> <!-- chronological-class -->
            <div class="chronological-class">
              <div class="chronological-class-name">com.kavi.DLT.TestCases.DA_LoginTest1</div> <!-- chronological-class-name -->
              <div class="configuration-method before">
                <span class="method-name">initializeReport(org.testng.TestRunner@2fcffc05)</span>
                <span class="method-start">13817 ms</span>
              </div> <!-- configuration-method before -->
              <div class="test-method">
                <img src="failed.png">
                </img>
                <span class="method-name">LoginTest1</span>
                <span class="method-start">13818 ms</span>
              </div> <!-- test-method -->
            </div> <!-- chronological-class -->
            <div class="chronological-class">
              <div class="chronological-class-name">com.kavi.DLT.TestCases.DA_LoginTest2</div> <!-- chronological-class-name -->
              <div class="configuration-method after">
                <span class="method-name">After_TC_Failure(public void com.kavi.DLT.TestCases.DA_LoginTest2.LoginTest2() throws java.lang.Exception, [TestResul...)</span>
                <span class="method-start">25471 ms</span>
              </div> <!-- configuration-method after -->
            </div> <!-- chronological-class -->
            <div class="chronological-class">
              <div class="chronological-class-name">com.kavi.DLT.TestCases.DA_LoginTest1</div> <!-- chronological-class-name -->
              <div class="configuration-method after">
                <span class="method-name">After_TC_Failure(public void com.kavi.DLT.TestCases.DA_LoginTest1.LoginTest1() throws java.lang.Exception, [TestResul...)</span>
                <span class="method-start">25630 ms</span>
              </div> <!-- configuration-method after -->
            </div> <!-- chronological-class -->
            <div class="chronological-class">
              <div class="chronological-class-name">com.kavi.DLT.TestCases.DA_LoginTest2</div> <!-- chronological-class-name -->
              <div class="configuration-test after">
                <span class="method-name">Demolish</span>
                <span class="method-start">25836 ms</span>
              </div> <!-- configuration-test after -->
            </div> <!-- chronological-class -->
            <div class="chronological-class">
              <div class="chronological-class-name">com.kavi.DLT.TestCases.DA_LoginTest</div> <!-- chronological-class-name -->
              <div class="configuration-method after">
                <span class="method-name">After_TC_Failure(public void com.kavi.DLT.TestCases.DA_LoginTest.LoginTest() throws java.lang.Exception, [TestResult ...)</span>
                <span class="method-start">25985 ms</span>
              </div> <!-- configuration-method after -->
            </div> <!-- chronological-class -->
            <div class="chronological-class">
              <div class="chronological-class-name">com.kavi.DLT.TestCases.DA_LoginTest1</div> <!-- chronological-class-name -->
              <div class="configuration-test after">
                <span class="method-name">Demolish</span>
                <span class="method-start">25993 ms</span>
              </div> <!-- configuration-test after -->
            </div> <!-- chronological-class -->
            <div class="chronological-class">
              <div class="chronological-class-name">com.kavi.DLT.TestCases.DA_LoginTest</div> <!-- chronological-class-name -->
              <div class="configuration-test after">
                <span class="method-name">Demolish</span>
                <span class="method-start">26361 ms</span>
              </div> <!-- configuration-test after -->
            </div> <!-- chronological-class -->
            <div class="chronological-class">
              <div class="chronological-class-name">com.kavi.DLT.TestCases.DA_LoginTest2</div> <!-- chronological-class-name -->
              <div class="configuration-suite after">
                <span class="method-name">generateExtentReprts</span>
                <span class="method-start">30435 ms</span>
              </div> <!-- configuration-suite after -->
          </div> <!-- main-panel-content rounded-window-bottom -->
        </div> <!-- panel -->
      </div> <!-- main-panel-root -->
    </div> <!-- wrapper -->
  </body>
<script type="text/javascript" src="testng-reports2.js"></script>
</html>
