<?xml version="1.0" encoding="UTF-8"?>
<testng-results ignored="0" total="3" passed="0" failed="3" skipped="0">
  <reporter-output>
  </reporter-output>
  <suite started-at="2024-02-22T22:05:24 PST" name="ParallelExecutionSuite" finished-at="2024-02-22T22:05:54 PST" duration-ms="29696">
    <groups>
    </groups>
    <test started-at="2024-02-22T22:05:24 PST" name="TC_001" finished-at="2024-02-22T22:05:49 PST" duration-ms="25334">
      <class name="com.kavi.DLT.TestCases.DA_LoginTest1">
        <test-method is-config="true" signature="setUp(java.lang.String)[pri:0, instance:com.kavi.DLT.TestCases.DA_LoginTest1@61615b4a]" started-at="2024-02-22T22:05:24 PST" name="setUp" finished-at="2024-02-22T22:05:37 PST" duration-ms="13072" status="PASS">
          <params>
            <param index="0">
              <value>
                <![CDATA[chrome]]>
              </value>
            </param>
          </params>
          <reporter-output>
          </reporter-output>
        </test-method> <!-- setUp -->
        <test-method is-config="true" signature="initializeReport(org.testng.ITestContext)[pri:0, instance:com.kavi.DLT.TestCases.DA_LoginTest1@61615b4a]" started-at="2024-02-22T22:05:37 PST" name="initializeReport" finished-at="2024-02-22T22:05:37 PST" duration-ms="1" status="PASS">
          <params>
            <param index="0">
              <value>
                <![CDATA[org.testng.TestRunner@2fcffc05]]>
              </value>
            </param>
          </params>
          <reporter-output>
          </reporter-output>
        </test-method> <!-- initializeReport -->
        <test-method signature="LoginTest1()[pri:0, instance:com.kavi.DLT.TestCases.DA_LoginTest1@61615b4a]" started-at="2024-02-22T22:05:37 PST" name="LoginTest1" finished-at="2024-02-22T22:05:49 PST" duration-ms="11809" status="FAIL">
          <exception class="java.lang.AssertionError">
            <message>
              <![CDATA[Test failed: Expected condition failed: waiting for visibility of element located by By.xpath: (//p[@class='botMsg'])[2] (tried for 5 second(s) with 500 milliseconds interval)
Build info: version: '4.16.1', revision: '9b4c83354e'
System info: os.name: 'Windows Server 2012 R2', os.arch: 'amd64', os.version: '6.3', java.version: '19'
Driver info: org.openqa.selenium.chrome.ChromeDriver
Capabilities {acceptInsecureCerts: false, browserName: chrome, browserVersion: 109.0.5414.168, chrome: {chromedriverVersion: 109.0.5414.25 (771113d280dd..., userDataDir: C:\Users\omfys2\AppData\Loc...}, goog:chromeOptions: {debuggerAddress: localhost:64897}, networkConnectionEnabled: false, pageLoadStrategy: normal, platformName: windows, proxy: Proxy(), se:cdp: ws://localhost:64897/devtoo..., se:cdpVersion: 109.0.5414.168, setWindowRect: true, strictFileInteractability: false, timeouts: {implicit: 0, pageLoad: 300000, script: 30000}, unhandledPromptBehavior: dismiss and notify, webauthn:extension:credBlob: true, webauthn:extension:largeBlob: true, webauthn:virtualAuthenticators: true}
Session ID: 6f5ea4c0e7138a9c5f256d169e54d0ee]]>
            </message>
            <full-stacktrace>
              <![CDATA[java.lang.AssertionError: Test failed: Expected condition failed: waiting for visibility of element located by By.xpath: (//p[@class='botMsg'])[2] (tried for 5 second(s) with 500 milliseconds interval)
Build info: version: '4.16.1', revision: '9b4c83354e'
System info: os.name: 'Windows Server 2012 R2', os.arch: 'amd64', os.version: '6.3', java.version: '19'
Driver info: org.openqa.selenium.chrome.ChromeDriver
Capabilities {acceptInsecureCerts: false, browserName: chrome, browserVersion: 109.0.5414.168, chrome: {chromedriverVersion: 109.0.5414.25 (771113d280dd..., userDataDir: C:\Users\omfys2\AppData\Loc...}, goog:chromeOptions: {debuggerAddress: localhost:64897}, networkConnectionEnabled: false, pageLoadStrategy: normal, platformName: windows, proxy: Proxy(), se:cdp: ws://localhost:64897/devtoo..., se:cdpVersion: 109.0.5414.168, setWindowRect: true, strictFileInteractability: false, timeouts: {implicit: 0, pageLoad: 300000, script: 30000}, unhandledPromptBehavior: dismiss and notify, webauthn:extension:credBlob: true, webauthn:extension:largeBlob: true, webauthn:virtualAuthenticators: true}
Session ID: 6f5ea4c0e7138a9c5f256d169e54d0ee
at org.testng.Assert.fail(Assert.java:110)
at com.kavi.DLT.TestCases.DA_LoginTest1.LoginTest1(DA_LoginTest1.java:69)
at java.base/jdk.internal.reflect.DirectMethodHandleAccessor.invoke(DirectMethodHandleAccessor.java:104)
at java.base/java.lang.reflect.Method.invoke(Method.java:578)
at org.testng.internal.invokers.MethodInvocationHelper.invokeMethod(MethodInvocationHelper.java:139)
at org.testng.internal.invokers.TestInvoker.invokeMethod(TestInvoker.java:677)
at org.testng.internal.invokers.TestInvoker.invokeTestMethod(TestInvoker.java:221)
at org.testng.internal.invokers.MethodRunner.runInSequence(MethodRunner.java:50)
at org.testng.internal.invokers.TestInvoker$MethodInvocationAgent.invoke(TestInvoker.java:969)
at org.testng.internal.invokers.TestInvoker.invokeTestMethods(TestInvoker.java:194)
at org.testng.internal.invokers.TestMethodWorker.invokeTestMethods(TestMethodWorker.java:148)
at org.testng.internal.invokers.TestMethodWorker.run(TestMethodWorker.java:128)
at java.base/java.util.ArrayList.forEach(ArrayList.java:1511)
at org.testng.TestRunner.privateRun(TestRunner.java:829)
at org.testng.TestRunner.run(TestRunner.java:602)
at org.testng.SuiteRunner.runTest(SuiteRunner.java:437)
at org.testng.SuiteRunner$SuiteWorker.run(SuiteRunner.java:475)
at org.testng.internal.thread.ThreadUtil.lambda$execute$0(ThreadUtil.java:58)
at java.base/java.util.concurrent.FutureTask.run(FutureTask.java:317)
at java.base/java.util.concurrent.ThreadPoolExecutor.runWorker(ThreadPoolExecutor.java:1144)
at java.base/java.util.concurrent.ThreadPoolExecutor$Worker.run(ThreadPoolExecutor.java:642)
at java.base/java.lang.Thread.run(Thread.java:1589)
]]>
            </full-stacktrace>
          </exception> <!-- java.lang.AssertionError -->
          <reporter-output>
          </reporter-output>
        </test-method> <!-- LoginTest1 -->
        <test-method is-config="true" signature="After_TC_Failure(java.lang.reflect.Method,org.testng.ITestResult)[pri:0, instance:com.kavi.DLT.TestCases.DA_LoginTest1@61615b4a]" started-at="2024-02-22T22:05:49 PST" name="After_TC_Failure" finished-at="2024-02-22T22:05:49 PST" duration-ms="362" status="PASS">
          <params>
            <param index="0">
              <value>
                <![CDATA[public void com.kavi.DLT.TestCases.DA_LoginTest1.LoginTest1() throws java.lang.Exception]]>
              </value>
            </param>
            <param index="1">
              <value>
                <![CDATA[[TestResult name=LoginTest1 status=FAILURE method=DA_LoginTest1.LoginTest1()[pri:0, instance:com.kavi.DLT.TestCases.DA_LoginTest1@61615b4a] output={null}]]]>
              </value>
            </param>
          </params>
          <reporter-output>
          </reporter-output>
        </test-method> <!-- After_TC_Failure -->
        <test-method is-config="true" signature="Demolish()[pri:0, instance:com.kavi.DLT.TestCases.DA_LoginTest1@61615b4a]" started-at="2024-02-22T22:05:49 PST" name="Demolish" finished-at="2024-02-22T22:05:49 PST" duration-ms="72" status="PASS">
          <reporter-output>
          </reporter-output>
        </test-method> <!-- Demolish -->
      </class> <!-- com.kavi.DLT.TestCases.DA_LoginTest1 -->
    </test> <!-- TC_001 -->
    <test started-at="2024-02-22T22:05:24 PST" name="TC_002" finished-at="2024-02-22T22:05:53 PST" duration-ms="29175">
      <class name="com.kavi.DLT.TestCases.DA_LoginTest2">
        <test-method is-config="true" signature="initializeExtentReprts()[pri:0, instance:com.kavi.DLT.TestCases.DA_LoginTest2@7412a438]" started-at="2024-02-22T22:05:23 PST" name="initializeExtentReprts" finished-at="2024-02-22T22:05:24 PST" duration-ms="715" status="PASS">
          <reporter-output>
          </reporter-output>
        </test-method> <!-- initializeExtentReprts -->
        <test-method is-config="true" signature="setUp(java.lang.String)[pri:0, instance:com.kavi.DLT.TestCases.DA_LoginTest2@7412a438]" started-at="2024-02-22T22:05:24 PST" name="setUp" finished-at="2024-02-22T22:05:36 PST" duration-ms="11411" status="PASS">
          <params>
            <param index="0">
              <value>
                <![CDATA[chrome]]>
              </value>
            </param>
          </params>
          <reporter-output>
          </reporter-output>
        </test-method> <!-- setUp -->
        <test-method is-config="true" signature="initializeReport(org.testng.ITestContext)[pri:0, instance:com.kavi.DLT.TestCases.DA_LoginTest2@7412a438]" started-at="2024-02-22T22:05:36 PST" name="initializeReport" finished-at="2024-02-22T22:05:36 PST" duration-ms="26" status="PASS">
          <params>
            <param index="0">
              <value>
                <![CDATA[org.testng.TestRunner@27bbe773]]>
              </value>
            </param>
          </params>
          <reporter-output>
          </reporter-output>
        </test-method> <!-- initializeReport -->
        <test-method signature="LoginTest2()[pri:0, instance:com.kavi.DLT.TestCases.DA_LoginTest2@7412a438]" started-at="2024-02-22T22:05:36 PST" name="LoginTest2" finished-at="2024-02-22T22:05:49 PST" duration-ms="13229" status="FAIL">
          <exception class="java.lang.AssertionError">
            <message>
              <![CDATA[Test failed: Expected condition failed: waiting for visibility of element located by By.xpath: (//p[@class='botMsg'])[2] (tried for 5 second(s) with 500 milliseconds interval)
Build info: version: '4.16.1', revision: '9b4c83354e'
System info: os.name: 'Windows Server 2012 R2', os.arch: 'amd64', os.version: '6.3', java.version: '19'
Driver info: org.openqa.selenium.chrome.ChromeDriver
Capabilities {acceptInsecureCerts: false, browserName: chrome, browserVersion: 109.0.5414.168, chrome: {chromedriverVersion: 109.0.5414.25 (771113d280dd..., userDataDir: C:\Users\omfys2\AppData\Loc...}, goog:chromeOptions: {debuggerAddress: localhost:64897}, networkConnectionEnabled: false, pageLoadStrategy: normal, platformName: windows, proxy: Proxy(), se:cdp: ws://localhost:64897/devtoo..., se:cdpVersion: 109.0.5414.168, setWindowRect: true, strictFileInteractability: false, timeouts: {implicit: 0, pageLoad: 300000, script: 30000}, unhandledPromptBehavior: dismiss and notify, webauthn:extension:credBlob: true, webauthn:extension:largeBlob: true, webauthn:virtualAuthenticators: true}
Session ID: 6f5ea4c0e7138a9c5f256d169e54d0ee]]>
            </message>
            <full-stacktrace>
              <![CDATA[java.lang.AssertionError: Test failed: Expected condition failed: waiting for visibility of element located by By.xpath: (//p[@class='botMsg'])[2] (tried for 5 second(s) with 500 milliseconds interval)
Build info: version: '4.16.1', revision: '9b4c83354e'
System info: os.name: 'Windows Server 2012 R2', os.arch: 'amd64', os.version: '6.3', java.version: '19'
Driver info: org.openqa.selenium.chrome.ChromeDriver
Capabilities {acceptInsecureCerts: false, browserName: chrome, browserVersion: 109.0.5414.168, chrome: {chromedriverVersion: 109.0.5414.25 (771113d280dd..., userDataDir: C:\Users\omfys2\AppData\Loc...}, goog:chromeOptions: {debuggerAddress: localhost:64897}, networkConnectionEnabled: false, pageLoadStrategy: normal, platformName: windows, proxy: Proxy(), se:cdp: ws://localhost:64897/devtoo..., se:cdpVersion: 109.0.5414.168, setWindowRect: true, strictFileInteractability: false, timeouts: {implicit: 0, pageLoad: 300000, script: 30000}, unhandledPromptBehavior: dismiss and notify, webauthn:extension:credBlob: true, webauthn:extension:largeBlob: true, webauthn:virtualAuthenticators: true}
Session ID: 6f5ea4c0e7138a9c5f256d169e54d0ee
at org.testng.Assert.fail(Assert.java:110)
at com.kavi.DLT.TestCases.DA_LoginTest2.LoginTest2(DA_LoginTest2.java:69)
at java.base/jdk.internal.reflect.DirectMethodHandleAccessor.invoke(DirectMethodHandleAccessor.java:104)
at java.base/java.lang.reflect.Method.invoke(Method.java:578)
at org.testng.internal.invokers.MethodInvocationHelper.invokeMethod(MethodInvocationHelper.java:139)
at org.testng.internal.invokers.TestInvoker.invokeMethod(TestInvoker.java:677)
at org.testng.internal.invokers.TestInvoker.invokeTestMethod(TestInvoker.java:221)
at org.testng.internal.invokers.MethodRunner.runInSequence(MethodRunner.java:50)
at org.testng.internal.invokers.TestInvoker$MethodInvocationAgent.invoke(TestInvoker.java:969)
at org.testng.internal.invokers.TestInvoker.invokeTestMethods(TestInvoker.java:194)
at org.testng.internal.invokers.TestMethodWorker.invokeTestMethods(TestMethodWorker.java:148)
at org.testng.internal.invokers.TestMethodWorker.run(TestMethodWorker.java:128)
at java.base/java.util.ArrayList.forEach(ArrayList.java:1511)
at org.testng.TestRunner.privateRun(TestRunner.java:829)
at org.testng.TestRunner.run(TestRunner.java:602)
at org.testng.SuiteRunner.runTest(SuiteRunner.java:437)
at org.testng.SuiteRunner$SuiteWorker.run(SuiteRunner.java:475)
at org.testng.internal.thread.ThreadUtil.lambda$execute$0(ThreadUtil.java:58)
at java.base/java.util.concurrent.FutureTask.run(FutureTask.java:317)
at java.base/java.util.concurrent.ThreadPoolExecutor.runWorker(ThreadPoolExecutor.java:1144)
at java.base/java.util.concurrent.ThreadPoolExecutor$Worker.run(ThreadPoolExecutor.java:642)
at java.base/java.lang.Thread.run(Thread.java:1589)
]]>
            </full-stacktrace>
          </exception> <!-- java.lang.AssertionError -->
          <reporter-output>
          </reporter-output>
        </test-method> <!-- LoginTest2 -->
        <test-method is-config="true" signature="After_TC_Failure(java.lang.reflect.Method,org.testng.ITestResult)[pri:0, instance:com.kavi.DLT.TestCases.DA_LoginTest2@7412a438]" started-at="2024-02-22T22:05:49 PST" name="After_TC_Failure" finished-at="2024-02-22T22:05:49 PST" duration-ms="362" status="PASS">
          <params>
            <param index="0">
              <value>
                <![CDATA[public void com.kavi.DLT.TestCases.DA_LoginTest2.LoginTest2() throws java.lang.Exception]]>
              </value>
            </param>
            <param index="1">
              <value>
                <![CDATA[[TestResult name=LoginTest2 status=FAILURE method=DA_LoginTest2.LoginTest2()[pri:0, instance:com.kavi.DLT.TestCases.DA_LoginTest2@7412a438] output={null}]]]>
              </value>
            </param>
          </params>
          <reporter-output>
          </reporter-output>
        </test-method> <!-- After_TC_Failure -->
        <test-method is-config="true" signature="Demolish()[pri:0, instance:com.kavi.DLT.TestCases.DA_LoginTest2@7412a438]" started-at="2024-02-22T22:05:49 PST" name="Demolish" finished-at="2024-02-22T22:05:53 PST" duration-ms="4070" status="PASS">
          <reporter-output>
          </reporter-output>
        </test-method> <!-- Demolish -->
        <test-method is-config="true" signature="generateExtentReprts()[pri:0, instance:com.kavi.DLT.TestCases.DA_LoginTest2@7412a438]" started-at="2024-02-22T22:05:54 PST" name="generateExtentReprts" finished-at="2024-02-22T22:05:55 PST" duration-ms="803" status="PASS">
          <reporter-output>
          </reporter-output>
        </test-method> <!-- generateExtentReprts -->
      </class> <!-- com.kavi.DLT.TestCases.DA_LoginTest2 -->
    </test> <!-- TC_002 -->
    <test started-at="2024-02-22T22:05:24 PST" name="TC_000" finished-at="2024-02-22T22:05:54 PST" duration-ms="29696">
      <class name="com.kavi.DLT.TestCases.DA_LoginTest">
        <test-method is-config="true" signature="setUp(java.lang.String)[pri:0, instance:com.kavi.DLT.TestCases.DA_LoginTest@5438c17a]" started-at="2024-02-22T22:05:24 PST" name="setUp" finished-at="2024-02-22T22:05:36 PST" duration-ms="12024" status="PASS">
          <params>
            <param index="0">
              <value>
                <![CDATA[chrome]]>
              </value>
            </param>
          </params>
          <reporter-output>
          </reporter-output>
        </test-method> <!-- setUp -->
        <test-method is-config="true" signature="initializeReport(org.testng.ITestContext)[pri:0, instance:com.kavi.DLT.TestCases.DA_LoginTest@5438c17a]" started-at="2024-02-22T22:05:36 PST" name="initializeReport" finished-at="2024-02-22T22:05:36 PST" duration-ms="2" status="PASS">
          <params>
            <param index="0">
              <value>
                <![CDATA[org.testng.TestRunner@328e50eb]]>
              </value>
            </param>
          </params>
          <reporter-output>
          </reporter-output>
        </test-method> <!-- initializeReport -->
        <test-method signature="LoginTest()[pri:0, instance:com.kavi.DLT.TestCases.DA_LoginTest@5438c17a]" started-at="2024-02-22T22:05:36 PST" name="LoginTest" finished-at="2024-02-22T22:05:49 PST" duration-ms="13212" status="FAIL">
          <exception class="java.lang.AssertionError">
            <message>
              <![CDATA[Test failed: Expected condition failed: waiting for visibility of element located by By.xpath: (//p[@class='botMsg'])[2] (tried for 5 second(s) with 500 milliseconds interval)
Build info: version: '4.16.1', revision: '9b4c83354e'
System info: os.name: 'Windows Server 2012 R2', os.arch: 'amd64', os.version: '6.3', java.version: '19'
Driver info: org.openqa.selenium.chrome.ChromeDriver
Capabilities {acceptInsecureCerts: false, browserName: chrome, browserVersion: 109.0.5414.168, chrome: {chromedriverVersion: 109.0.5414.25 (771113d280dd..., userDataDir: C:\Users\omfys2\AppData\Loc...}, goog:chromeOptions: {debuggerAddress: localhost:64897}, networkConnectionEnabled: false, pageLoadStrategy: normal, platformName: windows, proxy: Proxy(), se:cdp: ws://localhost:64897/devtoo..., se:cdpVersion: 109.0.5414.168, setWindowRect: true, strictFileInteractability: false, timeouts: {implicit: 0, pageLoad: 300000, script: 30000}, unhandledPromptBehavior: dismiss and notify, webauthn:extension:credBlob: true, webauthn:extension:largeBlob: true, webauthn:virtualAuthenticators: true}
Session ID: 6f5ea4c0e7138a9c5f256d169e54d0ee]]>
            </message>
            <full-stacktrace>
              <![CDATA[java.lang.AssertionError: Test failed: Expected condition failed: waiting for visibility of element located by By.xpath: (//p[@class='botMsg'])[2] (tried for 5 second(s) with 500 milliseconds interval)
Build info: version: '4.16.1', revision: '9b4c83354e'
System info: os.name: 'Windows Server 2012 R2', os.arch: 'amd64', os.version: '6.3', java.version: '19'
Driver info: org.openqa.selenium.chrome.ChromeDriver
Capabilities {acceptInsecureCerts: false, browserName: chrome, browserVersion: 109.0.5414.168, chrome: {chromedriverVersion: 109.0.5414.25 (771113d280dd..., userDataDir: C:\Users\omfys2\AppData\Loc...}, goog:chromeOptions: {debuggerAddress: localhost:64897}, networkConnectionEnabled: false, pageLoadStrategy: normal, platformName: windows, proxy: Proxy(), se:cdp: ws://localhost:64897/devtoo..., se:cdpVersion: 109.0.5414.168, setWindowRect: true, strictFileInteractability: false, timeouts: {implicit: 0, pageLoad: 300000, script: 30000}, unhandledPromptBehavior: dismiss and notify, webauthn:extension:credBlob: true, webauthn:extension:largeBlob: true, webauthn:virtualAuthenticators: true}
Session ID: 6f5ea4c0e7138a9c5f256d169e54d0ee
at org.testng.Assert.fail(Assert.java:110)
at com.kavi.DLT.TestCases.DA_LoginTest.LoginTest(DA_LoginTest.java:69)
at java.base/jdk.internal.reflect.DirectMethodHandleAccessor.invoke(DirectMethodHandleAccessor.java:104)
at java.base/java.lang.reflect.Method.invoke(Method.java:578)
at org.testng.internal.invokers.MethodInvocationHelper.invokeMethod(MethodInvocationHelper.java:139)
at org.testng.internal.invokers.TestInvoker.invokeMethod(TestInvoker.java:677)
at org.testng.internal.invokers.TestInvoker.invokeTestMethod(TestInvoker.java:221)
at org.testng.internal.invokers.MethodRunner.runInSequence(MethodRunner.java:50)
at org.testng.internal.invokers.TestInvoker$MethodInvocationAgent.invoke(TestInvoker.java:969)
at org.testng.internal.invokers.TestInvoker.invokeTestMethods(TestInvoker.java:194)
at org.testng.internal.invokers.TestMethodWorker.invokeTestMethods(TestMethodWorker.java:148)
at org.testng.internal.invokers.TestMethodWorker.run(TestMethodWorker.java:128)
at java.base/java.util.ArrayList.forEach(ArrayList.java:1511)
at org.testng.TestRunner.privateRun(TestRunner.java:829)
at org.testng.TestRunner.run(TestRunner.java:602)
at org.testng.SuiteRunner.runTest(SuiteRunner.java:437)
at org.testng.SuiteRunner$SuiteWorker.run(SuiteRunner.java:475)
at org.testng.internal.thread.ThreadUtil.lambda$execute$0(ThreadUtil.java:58)
at java.base/java.util.concurrent.FutureTask.run(FutureTask.java:317)
at java.base/java.util.concurrent.ThreadPoolExecutor.runWorker(ThreadPoolExecutor.java:1144)
at java.base/java.util.concurrent.ThreadPoolExecutor$Worker.run(ThreadPoolExecutor.java:642)
at java.base/java.lang.Thread.run(Thread.java:1589)
]]>
            </full-stacktrace>
          </exception> <!-- java.lang.AssertionError -->
          <reporter-output>
          </reporter-output>
        </test-method> <!-- LoginTest -->
        <test-method is-config="true" signature="After_TC_Failure(java.lang.reflect.Method,org.testng.ITestResult)[pri:0, instance:com.kavi.DLT.TestCases.DA_LoginTest@5438c17a]" started-at="2024-02-22T22:05:49 PST" name="After_TC_Failure" finished-at="2024-02-22T22:05:50 PST" duration-ms="375" status="PASS">
          <params>
            <param index="0">
              <value>
                <![CDATA[public void com.kavi.DLT.TestCases.DA_LoginTest.LoginTest() throws java.lang.Exception]]>
              </value>
            </param>
            <param index="1">
              <value>
                <![CDATA[[TestResult name=LoginTest status=FAILURE method=DA_LoginTest.LoginTest()[pri:0, instance:com.kavi.DLT.TestCases.DA_LoginTest@5438c17a] output={null}]]]>
              </value>
            </param>
          </params>
          <reporter-output>
          </reporter-output>
        </test-method> <!-- After_TC_Failure -->
        <test-method is-config="true" signature="Demolish()[pri:0, instance:com.kavi.DLT.TestCases.DA_LoginTest@5438c17a]" started-at="2024-02-22T22:05:50 PST" name="Demolish" finished-at="2024-02-22T22:05:54 PST" duration-ms="4066" status="PASS">
          <reporter-output>
          </reporter-output>
        </test-method> <!-- Demolish -->
      </class> <!-- com.kavi.DLT.TestCases.DA_LoginTest -->
    </test> <!-- TC_000 -->
  </suite> <!-- ParallelExecutionSuite -->
</testng-results>
